<?xml version="1.0" encoding="UTF-8"?>
<!-- Generated by org.testng.reporters.JUnitReportReporter -->
<testsuite hostname="DESKTOP-NALI7GO" failures="0" tests="1" name="scripting.Testcase3" time="37.554" errors="0" timestamp="2022-11-05T13:10:37 IST" skipped="0">
  <testcase classname="scripting.Testcase3" name="tc3" time="37.554"/>
  <system-out/>
</testsuite> <!-- scripting.Testcase3 -->
