<?xml version="1.0" encoding="UTF-8"?>
<!-- Generated by org.testng.reporters.JUnitReportReporter -->
<testsuite hostname="DESKTOP-NALI7GO" failures="0" tests="1" name="scripting.Testcase1" time="50.033" errors="0" timestamp="2022-11-05T13:10:37 IST" skipped="0">
  <testcase classname="scripting.Testcase1" name="tc1" time="50.033"/>
  <system-out/>
</testsuite> <!-- scripting.Testcase1 -->
