<?xml version="1.0" encoding="UTF-8"?>
<!-- Generated by org.testng.reporters.JUnitReportReporter -->
<testsuite hostname="DESKTOP-NALI7GO" failures="0" tests="1" name="scripting.Testcase2" time="72.477" errors="0" timestamp="2022-11-05T13:10:37 IST" skipped="0">
  <testcase classname="scripting.Testcase2" name="tc2" time="72.477"/>
  <system-out/>
</testsuite> <!-- scripting.Testcase2 -->
